2021-02-23 17:27:11.650  INFO 3160 --- [main] lavalink.server.Launcher                 : 

[32m       .  [31m _                  _ _       _    [32m__ _ _
[32m      /\\ [31m| | __ ___   ____ _| (_)_ __ | | __[32m\ \ \ \
[32m     ( ( )[31m| |/ _` \ \ / / _` | | | '_ \| |/ /[32m \ \ \ \
[32m      \\/ [31m| | (_| |\ V / (_| | | | | | |   < [32m  ) ) ) )
[32m       '  [31m|_|\__,_| \_/ \__,_|_|_|_| |_|_|\_\[32m / / / /
[0m    =========================================[32m/_/_/_/[0m

	Version:        3.3.2.3
	Build:          1176
	Build time:     28.12.2020 18:59:16 UTC
	Branch          master
	Commit:         68d398a
	Commit time:    28.12.2020 18:56:23 UTC
	JVM:            11.0.9
	Lavaplayer      1.3.65

2021-02-23 17:27:11.736  INFO 3160 --- [main] lavalink.server.Launcher                 : Starting Launcher on DESKTOP-0E50DCU with PID 3160 (C:\Users\ra\Desktop\ptstf\dis\Lavalink.jar started by ra in C:\Users\ra\Desktop\ptstf\dis)
2021-02-23 17:27:11.736  INFO 3160 --- [main] lavalink.server.Launcher                 : No active profile set, falling back to default profiles: default
2021-02-23 17:27:11.807  WARN 3160 --- [background-preinit] o.s.h.c.j.Jackson2ObjectMapperBuilder    : For Jackson Kotlin classes support please add "com.fasterxml.jackson.module:jackson-module-kotlin" to the classpath
2021-02-23 17:27:12.989  WARN 3160 --- [main] io.undertow.websockets.jsr               : UT026010: Buffer pool was not set on WebSocketDeploymentInfo, the default pool will be used
2021-02-23 17:27:13.024  INFO 3160 --- [main] io.undertow.servlet                      : Initializing Spring embedded WebApplicationContext
2021-02-23 17:27:13.035  INFO 3160 --- [main] o.s.web.context.ContextLoader            : Root WebApplicationContext: initialization completed in 1250 ms
2021-02-23 17:27:13.470  WARN 3160 --- [main] l.server.config.SentryConfiguration      : Turning off sentry
2021-02-23 17:27:13.711  INFO 3160 --- [main] c.s.d.l.tools.GarbageCollectionMonitor   : GC monitoring enabled, reporting results every 2 minutes.
2021-02-23 17:27:13.851  INFO 3160 --- [main] lavalink.server.config.KoeConfiguration  : OS: Windows 10, Arch: amd64
2021-02-23 17:27:13.851  WARN 3160 --- [main] lavalink.server.config.KoeConfiguration  : This system and architecture appears to not support native audio sending! GC pauses may cause your bot to stutter during playback.
2021-02-23 17:27:14.069  INFO 3160 --- [main] o.s.s.concurrent.ThreadPoolTaskExecutor  : Initializing ExecutorService 'applicationTaskExecutor'
2021-02-23 17:27:14.313  INFO 3160 --- [main] org.xnio                                 : XNIO version 3.3.8.Final
2021-02-23 17:27:14.326  INFO 3160 --- [main] org.xnio.nio                             : XNIO NIO Implementation Version 3.3.8.Final
2021-02-23 17:27:14.377  INFO 3160 --- [main] o.s.b.w.e.u.UndertowServletWebServer     : Undertow started on port(s) 7000 (http) with context path ''
2021-02-23 17:27:14.381  INFO 3160 --- [main] lavalink.server.Launcher                 : Started Launcher in 3.197 seconds (JVM running for 3.607)
2021-02-23 17:27:14.383  INFO 3160 --- [main] lavalink.server.Launcher                 : You can safely ignore the big red warning about illegal reflection. See https://github.com/Frederikam/Lavalink/issues/295
2021-02-23 17:27:30.946  INFO 3160 --- [XNIO-1 task-1] io.undertow.servlet                      : Initializing Spring DispatcherServlet 'dispatcherServlet'
2021-02-23 17:27:30.947  INFO 3160 --- [XNIO-1 task-1] o.s.web.servlet.DispatcherServlet        : Initializing Servlet 'dispatcherServlet'
2021-02-23 17:27:30.954  INFO 3160 --- [XNIO-1 task-1] o.s.web.servlet.DispatcherServlet        : Completed initialization in 6 ms
2021-02-23 17:27:30.991  INFO 3160 --- [XNIO-1 task-1] l.server.io.HandshakeInterceptorImpl     : Incoming connection from /127.0.0.1:52832
2021-02-23 17:27:31.078  INFO 3160 --- [XNIO-1 task-1] lavalink.server.io.SocketServer          : Connection successfully established from /127.0.0.1:52832
2021-02-23 17:40:13.107  INFO 3160 --- [XNIO-1 I/O-3] lavalink.server.io.SocketServer          : Connection closed from /127.0.0.1:52832 -- CloseStatus[code=1006, reason=]
2021-02-23 17:40:20.782  INFO 3160 --- [XNIO-1 I/O-3] lavalink.server.io.SocketContext         : Shutting down 0 playing players.
2021-02-23 17:40:20.784  INFO 3160 --- [XNIO-1 task-2] l.server.io.HandshakeInterceptorImpl     : Incoming connection from /127.0.0.1:63122
2021-02-23 17:40:20.787  INFO 3160 --- [XNIO-1 task-2] lavalink.server.io.SocketServer          : Connection successfully established from /127.0.0.1:63122
2021-02-23 17:41:29.463  INFO 3160 --- [XNIO-1 I/O-3] lavalink.server.io.SocketServer          : Connection closed from /127.0.0.1:63122 -- CloseStatus[code=1006, reason=]
2021-02-23 17:41:29.463  INFO 3160 --- [XNIO-1 I/O-3] lavalink.server.io.SocketContext         : Shutting down 0 playing players.
2021-02-23 17:41:36.376  INFO 3160 --- [Thread-1] o.s.s.concurrent.ThreadPoolTaskExecutor  : Shutting down ExecutorService 'applicationTaskExecutor'
2021-02-23 17:41:36.377  INFO 3160 --- [Thread-1] c.s.d.l.tools.GarbageCollectionMonitor   : GC monitoring disabled.
2021-02-23 17:41:36.381  INFO 3160 --- [Thread-1] io.undertow.servlet                      : Destroying Spring FrameworkServlet 'dispatcherServlet'
2021-02-23 17:41:39.774  INFO 13028 --- [main] lavalink.server.Launcher                 : 

[32m       .  [31m _                  _ _       _    [32m__ _ _
[32m      /\\ [31m| | __ ___   ____ _| (_)_ __ | | __[32m\ \ \ \
[32m     ( ( )[31m| |/ _` \ \ / / _` | | | '_ \| |/ /[32m \ \ \ \
[32m      \\/ [31m| | (_| |\ V / (_| | | | | | |   < [32m  ) ) ) )
[32m       '  [31m|_|\__,_| \_/ \__,_|_|_|_| |_|_|\_\[32m / / / /
[0m    =========================================[32m/_/_/_/[0m

	Version:        3.3.2.3
	Build:          1176
	Build time:     28.12.2020 18:59:16 UTC
	Branch          master
	Commit:         68d398a
	Commit time:    28.12.2020 18:56:23 UTC
	JVM:            11.0.9
	Lavaplayer      1.3.65

2021-02-23 17:41:39.860  INFO 13028 --- [main] lavalink.server.Launcher                 : Starting Launcher on DESKTOP-0E50DCU with PID 13028 (C:\Users\ra\Desktop\ptstf\dis\Lavalink.jar started by ra in C:\Users\ra\Desktop\ptstf\dis)
2021-02-23 17:41:39.861  INFO 13028 --- [main] lavalink.server.Launcher                 : No active profile set, falling back to default profiles: default
2021-02-23 17:41:39.941  WARN 13028 --- [background-preinit] o.s.h.c.j.Jackson2ObjectMapperBuilder    : For Jackson Kotlin classes support please add "com.fasterxml.jackson.module:jackson-module-kotlin" to the classpath
2021-02-23 17:41:40.998  WARN 13028 --- [main] io.undertow.websockets.jsr               : UT026010: Buffer pool was not set on WebSocketDeploymentInfo, the default pool will be used
2021-02-23 17:41:41.018  INFO 13028 --- [main] io.undertow.servlet                      : Initializing Spring embedded WebApplicationContext
2021-02-23 17:41:41.019  INFO 13028 --- [main] o.s.web.context.ContextLoader            : Root WebApplicationContext: initialization completed in 1114 ms
2021-02-23 17:41:41.366  WARN 13028 --- [main] l.server.config.SentryConfiguration      : Turning off sentry
2021-02-23 17:41:41.639  INFO 13028 --- [main] c.s.d.l.tools.GarbageCollectionMonitor   : GC monitoring enabled, reporting results every 2 minutes.
2021-02-23 17:41:41.787  INFO 13028 --- [main] lavalink.server.config.KoeConfiguration  : OS: Windows 10, Arch: amd64
2021-02-23 17:41:41.788  WARN 13028 --- [main] lavalink.server.config.KoeConfiguration  : This system and architecture appears to not support native audio sending! GC pauses may cause your bot to stutter during playback.
2021-02-23 17:41:42.017  INFO 13028 --- [main] o.s.s.concurrent.ThreadPoolTaskExecutor  : Initializing ExecutorService 'applicationTaskExecutor'
2021-02-23 17:41:42.290  INFO 13028 --- [main] org.xnio                                 : XNIO version 3.3.8.Final
2021-02-23 17:41:42.313  INFO 13028 --- [main] org.xnio.nio                             : XNIO NIO Implementation Version 3.3.8.Final
2021-02-23 17:41:42.356  INFO 13028 --- [main] o.s.b.w.e.u.UndertowServletWebServer     : Undertow started on port(s) 7000 (http) with context path ''
2021-02-23 17:41:42.364  INFO 13028 --- [main] lavalink.server.Launcher                 : Started Launcher in 3.098 seconds (JVM running for 3.531)
2021-02-23 17:41:42.367  INFO 13028 --- [main] lavalink.server.Launcher                 : You can safely ignore the big red warning about illegal reflection. See https://github.com/Frederikam/Lavalink/issues/295
2021-02-23 17:41:49.777  INFO 13028 --- [XNIO-1 task-1] io.undertow.servlet                      : Initializing Spring DispatcherServlet 'dispatcherServlet'
2021-02-23 17:41:49.777  INFO 13028 --- [XNIO-1 task-1] o.s.web.servlet.DispatcherServlet        : Initializing Servlet 'dispatcherServlet'
2021-02-23 17:41:49.787  INFO 13028 --- [XNIO-1 task-1] o.s.web.servlet.DispatcherServlet        : Completed initialization in 7 ms
2021-02-23 17:41:49.811  INFO 13028 --- [XNIO-1 task-1] l.server.io.HandshakeInterceptorImpl     : Incoming connection from /127.0.0.1:63182
2021-02-23 17:41:49.870  INFO 13028 --- [XNIO-1 task-1] lavalink.server.io.SocketServer          : Connection successfully established from /127.0.0.1:63182
2021-02-23 17:45:33.828  INFO 13028 --- [XNIO-1 I/O-3] lavalink.server.io.SocketServer          : Connection closed from /127.0.0.1:63182 -- CloseStatus[code=1006, reason=]
2021-02-23 17:45:41.777  INFO 13028 --- [XNIO-1 task-2] l.server.io.HandshakeInterceptorImpl     : Incoming connection from /127.0.0.1:51551
2021-02-23 17:45:58.975  INFO 13028 --- [XNIO-1 I/O-3] lavalink.server.io.SocketContext         : Shutting down 0 playing players.
2021-02-23 17:45:58.979  INFO 13028 --- [XNIO-1 task-2] lavalink.server.io.SocketServer          : Connection successfully established from /127.0.0.1:51551
2021-02-23 17:52:12.720  INFO 13028 --- [XNIO-1 I/O-6] lavalink.server.io.SocketServer          : Connection closed from /127.0.0.1:51551 -- CloseStatus[code=1006, reason=]
2021-02-23 17:52:12.721  INFO 13028 --- [XNIO-1 I/O-6] lavalink.server.io.SocketContext         : Shutting down 0 playing players.
2021-02-23 17:53:28.394  INFO 13028 --- [XNIO-1 task-3] l.server.io.HandshakeInterceptorImpl     : Incoming connection from /127.0.0.1:54690
2021-02-23 17:53:43.195  INFO 13028 --- [XNIO-1 task-3] lavalink.server.io.SocketServer          : Connection successfully established from /127.0.0.1:54690
2021-02-23 21:00:38.409  INFO 13028 --- [XNIO-1 I/O-1] lavalink.server.io.SocketServer          : Connection closed from /127.0.0.1:54690 -- CloseStatus[code=1006, reason=]
2021-02-23 21:00:38.421  INFO 13028 --- [XNIO-1 I/O-1] lavalink.server.io.SocketContext         : Shutting down 0 playing players.
2021-02-23 21:00:56.031  INFO 13028 --- [XNIO-1 task-4] l.server.io.HandshakeInterceptorImpl     : Incoming connection from /127.0.0.1:64102
2021-02-23 21:00:56.035  INFO 13028 --- [XNIO-1 task-4] lavalink.server.io.SocketServer          : Connection successfully established from /127.0.0.1:64102
2021-02-23 21:01:10.201  INFO 13028 --- [XNIO-1 task-5] l.server.player.AudioLoaderRestHandler   : Got request to load for identifier "ytsearch:aot s4 ending"
2021-02-23 21:01:12.461  INFO 13028 --- [lava-daemon-pool-info-loader-2-thread-1] lavalink.server.player.AudioLoader       : Loaded playlist Search results for: aot s4 ending
2021-02-23 21:01:13.022  INFO 13028 --- [XNIO-1 I/O-5] lavalink.server.io.SocketServer          : {"op": "play", "guildId": "760862411564515368", "track": "QAAAsAIAPUF0dGFjayBvbiBUaXRhbiBTZWFzb24gNCAtIEVuZGluZyBGdWxs44COU2hvY2vjgI9ieSBZdWtvIEFuZG8AGUFuaU1lbG9keSDigJMgQW5pbWUgTXVzaWMAAAAAAANLwAALNVBlcjYwWHdXb1UAAQAraHR0cHM6Ly93d3cueW91dHViZS5jb20vd2F0Y2g/dj01UGVyNjBYd1dvVQAHeW91dHViZQAAAAAAAAAA", "noReplace": false, "startTime": "0"}
2021-02-23 21:01:14.091  INFO 13028 --- [XNIO-1 I/O-5] lavalink.server.io.SocketServer          : {"op": "voiceUpdate", "guildId": "760862411564515368", "sessionId": "e99e6d103b353a5a602b312e374d1b7e", "event": {"token": "5545c09d2020e5f0", "guild_id": "760862411564515368", "endpoint": "hongkong702.discord.media:443"}}
2021-02-23 21:02:01.184  INFO 13028 --- [XNIO-1 I/O-5] lavalink.server.io.SocketServer          : Connection closed from /127.0.0.1:64102 -- CloseStatus[code=1006, reason=]
2021-02-23 21:02:01.184  INFO 13028 --- [XNIO-1 I/O-5] lavalink.server.io.SocketContext         : Shutting down 1 playing players.
2021-02-23 21:02:55.572  INFO 13028 --- [Thread-1] o.s.s.concurrent.ThreadPoolTaskExecutor  : Shutting down ExecutorService 'applicationTaskExecutor'
2021-02-23 21:02:55.574  INFO 13028 --- [Thread-1] c.s.d.l.tools.GarbageCollectionMonitor   : GC monitoring disabled.
2021-02-23 21:02:55.585  INFO 13028 --- [Thread-1] io.undertow.servlet                      : Destroying Spring FrameworkServlet 'dispatcherServlet'
